TEMP DEBUG calibration detection for 2026-02-26_r5/sporsa
samples=50061, ts_range_ms=[1772110342285.0, 1772110836006.0]
params: static_threshold=1.500, peak_min_height=3.000, peak_prominence=0.200, peak_count_range=[4, 6], peak_pair_max_gap_ms=1320.0, burst_max_span_ms=10000.0, static_gap_max_ms=5000.0
candidate_peaks=713
cluster_count_all=51
cluster_1: n_peaks=8, span_ms=3888.0, window=[1772110348850.0, 1772110352738.0]
cluster_2: n_peaks=1, span_ms=0.0, window=[1772110377445.0, 1772110377445.0]
cluster_3: n_peaks=77, span_ms=21192.0, window=[1772110380885.0, 1772110402077.0]
cluster_4: n_peaks=2, span_ms=162.0, window=[1772110406336.0, 1772110406498.0]
cluster_5: n_peaks=3, span_ms=639.0, window=[1772110410023.0, 1772110410662.0]
cluster_6: n_peaks=5, span_ms=1277.0, window=[1772110412243.0, 1772110413520.0]
cluster_7: n_peaks=5, span_ms=1620.0, window=[1772110415626.0, 1772110417246.0]
cluster_8: n_peaks=1, span_ms=0.0, window=[1772110421562.0, 1772110421562.0]
cluster_9: n_peaks=2, span_ms=800.0, window=[1772110423049.0, 1772110423849.0]
cluster_10: n_peaks=1, span_ms=0.0, window=[1772110426422.0, 1772110426422.0]
cluster_11: n_peaks=4, span_ms=1229.0, window=[1772110428137.0, 1772110429366.0]
cluster_12: n_peaks=1, span_ms=0.0, window=[1772110431215.0, 1772110431215.0]
cluster_13: n_peaks=1, span_ms=0.0, window=[1772110435045.0, 1772110435045.0]
cluster_14: n_peaks=12, span_ms=3974.0, window=[1772110440543.0, 1772110444517.0]
cluster_15: n_peaks=6, span_ms=3431.0, window=[1772110446403.0, 1772110449834.0]
cluster_16: n_peaks=1, span_ms=0.0, window=[1772110451682.0, 1772110451682.0]
cluster_17: n_peaks=2, span_ms=667.0, window=[1772110457942.0, 1772110458609.0]
cluster_18: n_peaks=1, span_ms=0.0, window=[1772110464403.0, 1772110464403.0]
cluster_19: n_peaks=1, span_ms=0.0, window=[1772110465937.0, 1772110465937.0]
cluster_20: n_peaks=1, span_ms=0.0, window=[1772110469882.0, 1772110469882.0]
cluster_21: n_peaks=10, span_ms=4154.0, window=[1772110493179.0, 1772110497333.0]
cluster_22: n_peaks=1, span_ms=0.0, window=[1772110516019.0, 1772110516019.0]
cluster_23: n_peaks=1, span_ms=0.0, window=[1772110526386.0, 1772110526386.0]
cluster_24: n_peaks=1, span_ms=0.0, window=[1772110527758.0, 1772110527758.0]
cluster_25: n_peaks=4, span_ms=1648.0, window=[1772110529502.0, 1772110531150.0]
cluster_26: n_peaks=4, span_ms=1553.0, window=[1772110533971.0, 1772110535524.0]
cluster_27: n_peaks=23, span_ms=9595.0, window=[1772110542308.0, 1772110551903.0]
cluster_28: n_peaks=1, span_ms=0.0, window=[1772110557449.0, 1772110557449.0]
cluster_29: n_peaks=2, span_ms=238.0, window=[1772110560479.0, 1772110560717.0]
cluster_30: n_peaks=1, span_ms=0.0, window=[1772110562185.0, 1772110562185.0]
cluster_31: n_peaks=2, span_ms=1144.0, window=[1772110563747.0, 1772110564891.0]
cluster_32: n_peaks=1, span_ms=0.0, window=[1772110566920.0, 1772110566920.0]
cluster_33: n_peaks=55, span_ms=19229.0, window=[1772110569121.0, 1772110588350.0]
cluster_34: n_peaks=3, span_ms=887.0, window=[1772110591027.0, 1772110591914.0]
cluster_35: n_peaks=1, span_ms=0.0, window=[1772110599155.0, 1772110599155.0]
cluster_36: n_peaks=1, span_ms=0.0, window=[1772110604748.0, 1772110604748.0]
cluster_37: n_peaks=9, span_ms=4660.0, window=[1772110610589.0, 1772110615249.0]
cluster_38: n_peaks=7, span_ms=3668.0, window=[1772110636412.0, 1772110640080.0]
cluster_39: n_peaks=7, span_ms=3802.0, window=[1772110642110.0, 1772110645912.0]
cluster_40: n_peaks=54, span_ms=19629.0, window=[1772110647274.0, 1772110666903.0]
cluster_41: n_peaks=85, span_ms=25375.0, window=[1772110672544.0, 1772110697919.0]
cluster_42: n_peaks=61, span_ms=19762.0, window=[1772110700587.0, 1772110720349.0]
cluster_43: n_peaks=2, span_ms=200.0, window=[1772110721845.0, 1772110722045.0]
cluster_44: n_peaks=29, span_ms=9271.0, window=[1772110723646.0, 1772110732917.0]
cluster_45: n_peaks=9, span_ms=2935.0, window=[1772110736309.0, 1772110739244.0]
cluster_46: n_peaks=34, span_ms=9738.0, window=[1772110741026.0, 1772110750764.0]
cluster_47: n_peaks=17, span_ms=5450.0, window=[1772110752355.0, 1772110757805.0]
cluster_48: n_peaks=143, span_ms=45708.0, window=[1772110760883.0, 1772110806591.0]
cluster_49: n_peaks=1, span_ms=0.0, window=[1772110809803.0, 1772110809803.0]
cluster_50: n_peaks=1, span_ms=0.0, window=[1772110818407.0, 1772110818407.0]
cluster_51: n_peaks=8, span_ms=4831.0, window=[1772110823133.0, 1772110827964.0]
cluster_count_valid=6
static_period_count=7917
static_1: start_ms=1772110342285.0, end_ms=1772110348812.0, duration_ms=6527.0
static_2: start_ms=1772110348898.0, end_ms=1772110348964.0, duration_ms=66.0
static_3: start_ms=1772110349203.0, end_ms=1772110349203.0, duration_ms=0.0
static_4: start_ms=1772110349279.0, end_ms=1772110349298.0, duration_ms=19.0
static_5: start_ms=1772110349374.0, end_ms=1772110349689.0, duration_ms=315.0
static_6: start_ms=1772110349736.0, end_ms=1772110349755.0, duration_ms=19.0
static_7: start_ms=1772110349774.0, end_ms=1772110349774.0, duration_ms=0.0
static_8: start_ms=1772110349793.0, end_ms=1772110349860.0, duration_ms=67.0
static_9: start_ms=1772110350165.0, end_ms=1772110350165.0, duration_ms=0.0
static_10: start_ms=1772110350194.0, end_ms=1772110350203.0, duration_ms=9.0
static_11: start_ms=1772110350232.0, end_ms=1772110350270.0, duration_ms=38.0
static_12: start_ms=1772110350289.0, end_ms=1772110350508.0, duration_ms=219.0
static_13: start_ms=1772110350537.0, end_ms=1772110350537.0, duration_ms=0.0
static_14: start_ms=1772110350556.0, end_ms=1772110350718.0, duration_ms=162.0
static_15: start_ms=1772110350889.0, end_ms=1772110350889.0, duration_ms=0.0
static_16: start_ms=1772110351042.0, end_ms=1772110351042.0, duration_ms=0.0
static_17: start_ms=1772110351080.0, end_ms=1772110351080.0, duration_ms=0.0
static_18: start_ms=1772110351108.0, end_ms=1772110351356.0, duration_ms=248.0
static_19: start_ms=1772110351404.0, end_ms=1772110351585.0, duration_ms=181.0
static_20: start_ms=1772110351794.0, end_ms=1772110351794.0, duration_ms=0.0
... 7897 more static windows omitted
reject cluster [1772110412243.0, 1772110413520.0] ms: no qualifying pre-static window (max_gap=5000.0 ms, min_pre=3500.0 ms)
reject cluster [1772110415626.0, 1772110417246.0] ms: no qualifying pre-static window (max_gap=5000.0 ms, min_pre=3500.0 ms)
reject cluster [1772110428137.0, 1772110429366.0] ms: no qualifying pre-static window (max_gap=5000.0 ms, min_pre=3500.0 ms)
reject cluster [1772110446403.0, 1772110449834.0] ms: no qualifying pre-static window (max_gap=5000.0 ms, min_pre=3500.0 ms)
reject cluster [1772110529502.0, 1772110531150.0] ms: no qualifying pre-static window (max_gap=5000.0 ms, min_pre=3500.0 ms)
reject cluster [1772110533971.0, 1772110535524.0] ms: no qualifying pre-static window (max_gap=5000.0 ms, min_pre=3500.0 ms)
final_segment_count=0
